<?xml version="1.0" encoding="UTF-8"?>
<!-- Generated by org.testng.reporters.JUnitReportReporter -->
<testsuite name="com.restassured.googleadddeleteplace.GetPlace" tests="1" time="8.118" ignored="0" failures="0" timestamp="14 Jul 2019 15:25:30 GMT" skipped="0" hostname="DESKTOP-I3VEVNM" errors="0">
  <testcase name="getPlace" time="8.118" classname="com.restassured.googleadddeleteplace.GetPlace"/>
</testsuite> <!-- com.restassured.googleadddeleteplace.GetPlace -->
