<?xml version="1.0" encoding="UTF-8"?>
<!-- Generated by org.testng.reporters.JUnitReportReporter -->
<testsuite name="com.restassured.googleplacescripts.GoggleAddDelete" tests="1" time="7.275" ignored="0" failures="0" timestamp="16 Jul 2019 01:52:04 GMT" skipped="0" hostname="DESKTOP-I3VEVNM" errors="0">
  <testcase name="addPlaceAtGoggle" time="7.275" classname="com.restassured.googleplacescripts.GoggleAddDelete"/>
</testsuite> <!-- com.restassured.googleplacescripts.GoggleAddDelete -->
