<?xml version="1.0" encoding="UTF-8"?>
<!-- Generated by org.testng.reporters.JUnitReportReporter -->
<testsuite name="com.restassured.googleplacescripts.GoggleAddDeleteJsonLoad" tests="2" time="6.880" ignored="0" failures="0" timestamp="16 Jul 2019 02:04:53 GMT" skipped="0" hostname="DESKTOP-I3VEVNM" errors="0">
  <testcase name="addPlace" time="5.184" classname="com.restassured.googleplacescripts.GoggleAddDeleteJsonLoad"/>
  <testcase name="deletePlace" time="1.696" classname="com.restassured.googleplacescripts.GoggleAddDeleteJsonLoad"/>
</testsuite> <!-- com.restassured.googleplacescripts.GoggleAddDeleteJsonLoad -->
